[   0.000000] nux version 4.15.0-47-generic (buildd@lgw01-amd64-001) (gcc version 7.3.0 (Ubuntu 7.3.0-16ubuntu))#50-Ubuntu SMP Wed Mar 13 10::52 UTC 2019 (Ubuntu 4.15.0-47.50-generic 4.15.18)
[    0.000000] Command line: BOOT_IMAGE=/boot/vmlinuz-4.15.0-47-generic root=UUID=c6ad2944-50d4-4372-83d4-43c8d92998d9 ro console=tty1 console=ttyS0
[    0.000000] KERNEL supported cpus:
[    0.000000]   Intel GenuineIntel
[    0.000000]   AMD AuthenticAMD
[    0.000000]   Centaur CentaurHauls
[    0.000000] x86/fpu: Supporting XSAVE feature 0x001: 'x87 floating point registers'
[    0.000000] x86/fpu: Supporting XSAVE feature 0x002: 'SSE registers'
[    0.000000] x86/fpu: Supporting XSAVE feature 0x004: 'AVX registers'
[    0.000000] x86/fpu: xstate_offset[2]:  576, xstate_sizes[2]:  256
[    0.000000] x86/fpu: Enabled xstate features 0x7, context size is 832 bytes, using 'standard' format.
[    0.000000] e820: BIOS-provided physical RAM map:
[    0.000000] BIOS-e820: [mem 0x0000000000000000-0x000000000009fbff] usable
[    0.000000] BIOS-e820: [mem 0x000000000009fc00-0x000000000009ffff] reserved
[    0.000000] BIOS-e820: [mem 0x00000000000f0000-0x00000000000fffff] reserved
[    0.000000 BOS-e0: [mem 0x0000000000100000-0x000000003ffeffff] usable
[    0.000000] BIOS-e820: [mem 0x000000003fff0000-0x000000003fffffff] ACPI data
[    0.000000] BIOS-e820: [mem 0x000000fec00000-0x00000000fec00fff] reserved
[    0.000000] IOS-e82: [mem 0x000000fee000-0x000000fee00fff] reserved
[    0.000000] BIOS-e820: [mem 0x00000000fffc0000-0x00000000ffffffff] reserved
[    0.000000] NX (Execute Disable) protection: active
[    0.00000] SMIOS 2.5 present.
[    0.000000] DM: innoteGmbH VirtualBox/VirtualBox, BIOS VirtualBox 12/01/2006
[    0.000000] Hypervisor detected: KVM
[    0.000000] e820: last_pfn = 0x3fff0 max_arch_pfn = 0x400000000
[    0.000000] MTRR: Dibled
[    0.0000] x86/PAT: MTRRs disabled skping PAT initialization too.
[    0.000000] CPU MTRRs all blank - virtualized system.
[    0.000000] x86/PAT: Configuration 0-7]: WB  WT  UC- UC  WB  WT  UC- UC  
[    0.000000] found SMP MP-table at [mem x0009f00x0009ffff]apped at [      (ptrval)]
[    0.000000] Scanning 1 areas for low memory corruption
[    0.000000] RAMDISK: [mem 0x359d3000-0x36ce0fff]
[    0.000000] ACPI: Early table checksum verification disabled
[    0.000000] ACPI: RSDP 0x00000000000E0000 000024 (v02 VBOX  )
[    0.000000] ACPI: XSDT 0x000000003FF030 0000 (v01 VBOX   VBOXXDT 00000001 ASL  00000061)
[    0.000000] ACPI: FACP 0x000000003FFF00F0 0000F4 (v04 VBOX   VBOXFACP 00000001 ASL  00000061)
[    0.000000] ACPI:DSDT 0x000000003FFF0470 0021FF (v02 VBOX   VBOXBIOS 00000002 INTL 20100528)
[    0.000000] ACPI: FACS 0x000000FFF0200 000040
[    0.000000] ACPI: FACS 0x000000003FFF0200 000040
[   .000000] ACPI: APIC 0x000000003FFF0240 00005C (v02 VBOX   VBOXAPIC 00000001 ASL  00000061)
[    0.0000] ACPI: SSDT 0x000003FFF02A0 0001CC (v01 VBOX   VBOXCPUT 00000002 INTL 20100528)
[    0.000000] No NU configuration found
[    0.000000] Faking a node at [mem 0x0000000000000000-0x000000003ffeffff]
[    0.000000] NODE_DATA(0) allocated [mem 03ffc5000-0x3ffeffff]
[    0.000000] km-clock: cpu 0, msr 0:3ff44001, primary cpu clock
[    0.000000] kvm-clock: Using msrs 4b564d01 and 4b564d00
[  0.000000] kvm-clock: using sched offset of 4223567102 cycles
[    0.000000] clocksource kvm-clock: mask: 0xffffffffffffffff max_cycles: 0x1cd42e4dffb, max_idle_ns: 881590591483 ns
[    0.000000] Zone ranges:
[    0.000000]   DMA      [mem 0x00000000001000x0000000000fff]
[    0.000000]   DMA32    [mem 0x0000000001000000-0x000000003ffeffff]
[    0.000000]   Normal   empty
[    0.000000]   Device   empty
[    0.000000] Movable zone startor each node
[    0.000000] Early memory node ranes
[  0.00000]   node   0: [mem 0x00000000001000-0x0000000009efff]
[    0.000000]   node   0: [mem 0x000000000100000-0x000000003ffeffff]
[    0.000000] Reserved but unavailable: 114 pages
[    0.000000] Initmem setup node 0 [mem 0x0000000000001000-0x000000003ffeffff]
[    0.000000] ACPI: PM-Timer IO Port: 0x4008
[    0.000000] IOAPIC[0]: apic_id 2, version 32, address 0xfec00000, GSI 0-23
[    0.000000] ACPI: INT_SRC_OVR (bus 0 bus_irq 0 global_irq 2 dfl dfl)
[    0.000000] ACPI: INT_SRC_OVR (bus 0 bus_irq 9 global_irq 9 low level)
[    0.000000] Using ACPI (MADT)for SMP configuration information
[    0.000000] smpboot: Allowing 2 CPUs, 0 hotplug CPUs
[    0.000000] PM: Registered noave memory: [mem 0x00000000-0x00000fff]
[  0.00000] PM: Registered nosave memory: [mem 0x0009f000-0x0009ffff]
[    0.000000] PM: Registered nosave memory: [mem 0x000a0000-0x000effff]
[    0.000000] PM: Registered nosave memory: [mem 0x00f000-0x00ffff]
[    0.000000] e820: [mem 0x40000000-0xfebfffff] available for PCI devices
[    0.000000] Booting paravirtualized kernel on KVM
[    0.000000] clocksource: refined-jiffies: mask: 0xffffffff max_cycles: 0xffffffff, max_idle_ns: 7645519600211568 ns
[    0.000000] random: gt_random_bytes called from sar_kernel+0x99/0x4fd with crng_init=0
[    0.000000] setup_pepu: NR_CUS192 nrpumask_bits:2 nr_cpu_ids:2 nr_node_ids
[    00000] percpu: Embedd 4 paescpu @     (pva) s1552 r82 d2867 u0486
[    0.000000] PV qspinlock hash table entries: 256 (order: 0, 4096 bytes)
[    0.000000] Built 1 zonelists, mobility grouping on.  Total pages: 257913
[    0.000000] Policy zone: DMA32
[    0.000000] Kernel command line: BOOT_IMAGE=/boot/vmlinuz-4.15.0-47-generic root=UUID=c6ad2944-50d4-4372-83d4-43c8d92998d9 ro console=tty1 console=ttyS0
[    0.000000] Memory: 983072K/1048120K available (12300Kkernel code, 2473K rwdata, 4252K rodata, 2408K init, 2416K bss, 65048K reserved, 0K cma-reserved)
[    0.000000] SLUB: HWalign=64,rder=0-3, MinObjects=0, CPUs=2, Nodes=1
[    0.000000] Kernel/User page tables isolation: enabed
[    0.000000] ftrace: allocating 39206 entries in 154 pages
[    0.004000] Hierarchical RCU implementation.
[    0.004000] 	RCU restricting CPUs from NR_CPUS=8192 to nr_cpu_ids=2.
[    0.004000] 	Tasks RCU enabled.
[    0.004000] RCU: Adjusting geometry for rcu_fanout_leaf=16, nr_cpu_ids=2
[    0.004000] NR_IRQS: 524544, nr_irqs: 440, preallocated irqs: 16
[    0.004000] Consol: olour VGA+ 8x2
[    0.004000] nsole [tty1] enabled
[    0.004000] console [ttyS0] enabled
[    0.004000] ACPI: Core revision 20170831
[    0.004000] ACPI: 2 ACPI AML tables successfully acquired and loaded
[    0.004000] APIC: Switch to symmetric I/O mode setup
[    0.004255] x2apic enabled
[    0.005303] Switched APIC routing to physical x2apic.
[    0.009283] ..TIMER: vector=0x30 apic1=0 pin1=2 apic2=-1 pin2=-1
[    0.012005] tsc: Detected 2303.998 MHz processor
[    0.016011] Calibrating delay loop (skipped) preset value.. 4607.99 BogoMIPS (lpj=9215992)
[    0.020008] pid_max: default: 32768 minimum: 301
[    0.024039] Security Framework initialized
[    0.028005] Yama: becoming mindful.
[    0.029118] AppArmor: AppArmor initialized
[    0.032038] Dentry cache hash table entries: 131072 (order: 8, 1048576 bytes)
[    0.036066] Inode-cache hash table entries: 65536 (order: 7, 524288 bytes)
[    0.040031] Mount-cache hash table entries: 2048 (order: 2, 16384 bytes)
[    0.044006] Mountpoint-cache hash table entries: 2048 (order: 2, 16384 bytes)
[    0.048233] mce: CPU supports 0 MCE banks
[    0.052020] Last level iTLB entries: 4KB 64, 2MB 8, 4MB 8
[    0.056007] Last level dTLB entries: 4KB 64, 2MB 0, 4MB 0, 1GB 4
[    0.057794] Spectre V2 : Mitigation: Full generic retpoline
[    0.060001] Spectre V2 : Spectre v2 / SpectreRSB mitigation: Filling RSB on context switch
[    0.064008] Speculative Store Bypass: Vulnerable
[    0.068081] Freeing SMP alternatives memory: 36K
[    0.076000] smpboot: CPU0: Intel(R) Core(TM) i5-7360U CPU @ 2.30GHz (family: 0x6, model: 0x8e, stepping: 0x9)
[    0.076091] Performance Events: unsupported p6 CPU model 142 no PMU driver, software events only.
[    0.080056] Hierarchical SRCU implementation.
[    0.084619] NMI watchdog: Perf event create on CPU 0 failed with -2
[    0.088002] NMI watchdog: Perf NMI watchdog permanently disabled
[    0.092050] smp: Bringing up secondary CPUs ...
[    0.093507] x86: Booting SMP configuration:
[    0.096002] .... node  #0, CPUs:      #1
[    0.004000] kvm-clock: cpu 1, msr 0:3ff44041, secondary cpu clock
[    0.004000] mce: CPU supports 0 MCE banks
[    0.100018] smp: Brought up 1 node, 2 CPUs
[    0.104005] smpboot: Max logical packages: 1
[    0.108004] smpboot: Total of 2 processors activated (9215.99 BogoMIPS)
[    0.112124] devtmpfs: initialized
[    0.116052] x86/mm: Memory block size: 128MB
[    0.117485] evm: security.selinux
[    0.120004] evm: security.SMACK64
[    0.124003] evm: security.SMACK64EXEC
[    0.128008] evm: security.SMACK64TRANSMUTE
[    0.129360] evm: security.SMACK64MMAP
[    0.130543] evm: security.apparmor
[    0.132005] evm: security.ima
[    0.133212] evm: security.capability
[    0.136109] clocksource: jiffies: mask: 0xffffffff max_cycles: 0xffffffff, max_idle_ns: 7645041785100000 ns
[    0.140025] futex hash table entries: 512 (order: 3, 32768 bytes)
[    0.144082] pinctrl core: initialized pinctrl subsystem
[    0.152043] RTC time:  7:47:08, date: 05/13/19
[    0.156433] NET: Registered protocol family 16
[    0.160132] audit: initializing netlink subsys (disabled)
[    0.164095] audit: type=2000 audit(1557733630.239:1): state=initialized audit_enabled=0 res=1
[    0.172011] cpuidle: using governor ladder
[    0.176036] cpuidle: using governor menu
[    0.180097] ACPI: bus type PCI registered
[    0.184005] acpiphp: ACPI Hot Plug PCI Controller Driver version: 0.5
[    0.187459] PCI: Using configuration type 1 for base access
[    0.192359] HugeTLB registered 2.00 MiB page size, pre-allocated 0 pages
[    0.196152] ACPI: Added _OSI(Module Device)
[    0.200061] ACPI: Added _OSI(Processor Device)
[    0.204016] ACPI: Added _OSI(3.0 _SCP Extensions)
[    0.208006] ACPI: Added _OSI(Processor Aggregator Device)
[    0.212005] ACPI: Added _OSI(Linux-Dell-Video)
[    0.216002] ACPI: Added _OSI(Linux-Lenovo-NV-HDMI-Audio)
[    0.220004] ACPI: Added _OSI(Linux-HPI-Hybrid-Graphics)
[    0.224496] ACPI: Executed 1 blocks of module-level executable AML code
[    0.230265] ACPI: Interpreter enabled
[    0.231416] ACPI: (supports S0 S5)
[    0.232003] ACPI: Using IOAPIC for interrupt routing
[    0.236199] PCI: Using host bridge windows from ACPI; if necessary, use "pci=nocrs" and report a bug
[    0.240232] ACPI: Enabled 2 GPEs in block 00 to 07
[    0.254038] ACPI: PCI Root Bridge [PCI0] (domain 0000 [bus 00-ff])
[    0.256009] acpi PNP0A03:00: _OSC: OS supports [ASPM ClockPM Segments MSI]
[    0.260042] acpi PNP0A03:00: _OSC: not requesting OS control; OS requires [ExtendedConfig ASPM ClockPM MSI]
[    0.264017] acpi PNP0A03:00: fail to add MMCONFIG information, can't access extended PCI configuration space under this bridge.
[    0.268492] PCI host bridge to bus 0000:00
[    0.272004] pci_bus 0000:00: root bus resource [io  0x0000-0x0cf7 window]
[    0.276008] pci_bus 0000:00: root bus resource [io  0x0d00-0xffff window]
[    0.280011] pci_bus 0000:00: root bus resource [mem 0x000a0000-0x000bffff window]
[    0.284010] pci_bus 0000:00: root bus resource [mem 0x40000000-0xfdffffff window]
[    0.288012] pci_bus 0000:00: root bus resource [bus 00-ff]
[    0.298635] pci 0000:00:01.1: legacy IDE quirk: reg 0x10: [io  0x01f0-0x01f7]
[    0.300009] pci 0000:00:01.1: legacy IDE quirk: reg 0x14: [io  0x03f6]
[    0.304008] pci 0000:00:01.1: legacy IDE quirk: reg 0x18: [io  0x0170-0x0177]
[    0.308005] pci 0000:00:01.1: legacy IDE quirk: reg 0x1c: [io  0x0376]
[    0.331566] pci 0000:00:07.0: quirk: [io  0x4000-0x403f] claimed by PIIX4 ACPI
[    0.332035] pci 0000:00:07.0: quirk: [io  0x4100-0x410f] claimed by PIIX4 SMB
[    0.347056] ACPI: PCI Interrupt Link [LNKA] (IRQs 5 9 10 *11)
[    0.352320] ACPI: PCI Interrupt Link [LNKB] (IRQs 5 9 *10 11)
[    0.356175] ACPI: PCI Interrupt Link [LNKC] (IRQs 5 *9 10 11)
[    0.360191] ACPI: PCI Interrupt Link [LNKD] (IRQs 5 9 10 *11)
[    0.364416] SCSI subsystem initialized
[    0.372032] pci 0000:00:02.0: vgaarb: setting as boot VGA device
[    0.376000] pci 0000:00:02.0: vgaarb: VGA device added: decodes=io+mem,owns=io+mem,locks=none
[    0.376008] pci 0000:00:02.0: vgaarb: bridge control possible
[    0.380002] vgaarb: loaded
[    0.384054] ACPI: bus type USB registered
[    0.388032] usbcore: registered new interface driver usbfs
[    0.392026] usbcore: registered new interface driver hub
[    0.396051] usbcore: registered new device driver usb
[    0.397672] EDAC MC: Ver: 3.0.0
[    0.400360] PCI: Using ACPI for IRQ routing
[    0.404679] NetLabel: Initializing
[    0.408006] NetLabel:  domain hash size = 128
[    0.412009] NetLabel:  protocols = UNLABELED CIPSOv4 CALIPSO
[    0.416029] NetLabel:  unlabeled traffic allowed by default
[    0.420101] clocksource: Switched to clocksource kvm-clock
[    0.4690] VFS: Disk qutas dquot_6.6.0
[    0.585173] VFS: Dquot-cache has table entries: 512order 0, 96ytes)
[    0.747307] pArmorAprm FesteEnled
[    1.098468] pnp: PnP ACPI init
[    1.100825] pnp:nPCP fnd dic
[  1407290clksrce: acpi_pm: mask: 0xffffff max_cycles: 0xffffff, max_idle_ns: 2085701024 ns
[    1.623785] NET: Registered protocol family 2

[    1.626527] TCP established hash table entries: 8192 (order: 4, 65536 bytes)
[    1.628556] TCP bind hash table entries: 8192 (order: 5, 131072 bytes)
[    1.630500] TCP: Hash tables configured (established 8192 bind 8192)
[    1.632588] UDP hash table entries: 512 (order: 2, 16384 bytes)
[    1.634373] UDP-Lite hash table entries: 512 (order: 2, 16384 bytes)
[    1.636223] NET: Registered protocol family 1
[    1.637994] pci 0000:00:00.0: Limiting direct PCI/PCI transfers
[    1.639961] pci 0000:00:01.0: Activating ISA DMA hang workarounds
[    1.64214] pci 0000:00:02.0: Video device with shadowed ROM at [mem 0x000c0000-0x000dffff]
[    1.691699] Unpacking initramfs...

[    1.954719] Freeing initrd memory: 19512K
[    1.970143] platform rtc_cmos: registered platform RTC device (no PNP device found)
[    2.018741] Scanning for low memory corruption every 60 seconds
[    2.021239] Initialise system trusted keyrings
[    2.050496] Key type blacklist registered
[    2.078723] workingset: timestamp_bits=36 max_order=18 bucket_order=0
[    2.087177] zbud: loaded
[    2.094378] squashfs: version 4.0 (2009/01/31) Phillip Lougher
[    2.122832] fuse init (API version 7.26)
[    2.144395] Key type asymmetric registered
[    2.145408] Asymmetric key parser 'x509' registered
[    2.146595] Block layer SCSI generic (bsg) driver version 0.4 loaded (major 246)
[    2.148503] io scheduler noop registered
[    2.149544] io scheduler deadline registered
[    2.150597] io scheduler cfq registered (default)
[    2.152209] ACPI: AC Adapter [AC] (on-line)
[    2.153280] input: Power Button as /devices/LNXSYSTM:00/LNXPWRBN:00/input/input0
[    2.155109] ACPI: Power Button [PWRF]
[    2.193388] input: Sleep Button as /devices/LNXSYSTM:00/LNXSLPBN:00/input/input1
[    2.195685] ACPI: Sleep Button [SLPF]
[    2.217694] Serial: 8250/16550 driver, 32 ports, IRQ sharing enabled
[    2.219123] ACPI: Battery Slot [BAT0] (battery present)
[    2.252147] 00:02: ttyS0 at I/O 0x3f8 (irq = 4, base_baud = 115200) is a 16550A
[    2.263292] Linux agpgart interface v0.103
[    2.267628] loop: module loaded
[    2.269122] scsi host0: ata_piix
[    2.275921] scsi host1: ata_piix
[    2.305911] ata1: PATA max UDMA/33 cmd 0x1f0 ctl 0x3f6 bmdma 0xd000 irq 14
[    2.307961] ata2: PATA max UDMA/33 cmd 0x170 ctl 0x376 bmdma 0xd008 irq 15
[    2162]ibhy: Fixed MDIO Bus: probed
[    2.492903] tun: Universal TUN/TAP device driver, 1.6
[    2.494605] PPP generic driver version 2.4.2
[    2.501659] ehci_hcd: USB 2.0 'Enhanced' Host Controller (EHCI) Driver
[    2.515122] ehci-pci: EHCI PCI platform driver
[    2.530179] ehci-platform: EHCI generic platform driver
[    2.562791] ohci_hcd: USB 1.1 'Open' Host Controller (OHCI) Driver
[    2.564655] ohci-pci: OHCI PCI platform driver
[    2.566014] ohci-platform: OHCI generic platform driver
[    2.573360] uhci_hcd: USB Universal Host Controller Interface driver
[    2.575298] i8042: PNP: PS/2 Controller [PNP0303:PS2K,PNP0f03:PS2M] at 0x60,0x64 irq 1,12
[    2.593126] serio: i8042 KBD port at 0x60,0x64 irq 1
[    2.632442] serio: i8042 AUX port at 0x60,0x64 irq 12
[    2.644038] mousedev: PS/2 mouse device common for all mice
[    2.652099] rtc_cmos rtc_cmos: rtc core: registered rtc_cmos as rtc0
[    2.688476] input: AT Translated Set 2 keyboard as /devices/platform/i8042/serio0/input/input2
[    2.692175] rtc_cmos rtc_cmos: alarms up to one day, 114 bytes nvram
[    2.692182] i2c /dev entries driver
[    2.692189] pcie_mp2_amd: AMD(R) PCI-E MP2 Communication Driver Version: 1.0
[    2.692259] device-mapper: uevent: version 1.0.3
[    2.692305] device-mapper: ioctl: 4.37.0-ioctl (2017-09-20) initialised: dm-devel@redhat.com
[    2.730794] ledtrig-cpu: registered to indicate activity on CPUs
[    2.733908] NET: Registered protocol family 10
[    2.739702] Segment Routing with IPv6
[    2.741069] NET: Registered protocol family 17
[    2.742788] Key type dns_resolver registered
[    2.744628] RAS: Correctable Errors collector initialized.
[    2.747374] sched_clock: Marking stable (2744515786, 0)->(8020872112, -5276356326)
[    2.754134] registered taskstats version 1
[    2.757313] Loading compiled-in X.509 certificates
[    2.763554] Loaded X.509 cert 'Build time autogenerated kernel key: 7211859d1298c08a101905a3cb814e8c7b4bf4a4'
[    2.770303] zswap: loaded using pool lzo/zbud
[    2.782692] Key type big_key registered
[    2.784378] Key type trusted registered
[    2.789803] Key type encrypted registered
[    2.792110] AppArmor: AppArmor sha1 policy hashing enabled
[    2.797001] ima: No TPM chip found, activating TPM-bypass! (rc=-19)
[    2.799896] ima: Allocated hash algorithm: sha1
[    2.802017] evm: HMAC attrs: 0x1
[    2.804198]   Magic number: 3:945:773
[    2.806298] rtc_cmos rtc_cmos: setting system clock to 2019-05-13 07:47:12 UTC (1557733632)
[    2.810299] BIOS EDD facility v0.16 2004-Jun-25, 0 devices found
[    2.831344] EDD information not available.
[    2.930559] Freeing unused kernel memory: 2408K
[    2.964229] Write protecting the kernel read-only data: 20480k
[    2.978147] tsc: Refined TSC clocksource calibration: 2307.144 MHz
[    2.978153] clocksource: tsc: mask: 0xffffffffffffffff max_cycles: 0x214191a63be, max_idle_ns: 440795208262 ns
[    3.175517] Freeing unused kernel memory: 2008K
[    3.179403] Freeing unused kernel memory: 1892K
[    3.221394] x86/mm: Checked W+X mappings: passed, no W+X pages found.
[    3.262958] x86/mm: Checking user space page tables
[    3.268433] x86/mm: Checked W+X mappings: passed, no W+X pages found.
Loading, please wait...
starting version 237
[    3.355845] e1000: Intel(R) PRO/1000 Network Driver - version 7.3.21-k8-NAPI
[    3.365624] e1000: Copyright (c) 1999-2006 Intel Corporation.
[    3.373706] Fusion MPT base driver 3.04.20
[    3.375061] Copyright (c) 1999-2008 LSI Corporation
[    3.383708] Fusion MPT SPI Host driver 3.04.20
[    3.389146] AVX2 version of gcm_enc/dec engaged.
[    3.390423] AES CTR mode by8 optimization enabled
[    3.606849] input: ImExPS/2 Generic Explorer Mouse as /devices/platform/i8042/serio1/input/input4
[    3.796682] e1000 0000:00:03.0 eth0: (PCI:33MHz:32-bit) 02:40:60:a0:34:b1
[    4.042501] e1000 0000:00:03.0 eth0: Intel(R) PRO/1000 Network Connection
[    4.046602] mptbase: ioc0: Initiating bringup
[    4.435855] ioc0: LSI53C1030 A0: Capabilities={Initiator}
[    6.520535] scsi host2: ioc0: LSI53C1030 A0, FwRev=00000000h, Ports=1, MaxQ=256, IRQ=20
[    7.072543] scsi 2:0:0:0: Direct-Access     VBOX     HARDDISK         1.0  PQ: 0 ANSI: 5
[    7.144106] scsi target2:0:0: Beginning Domain Validation
[    7.147779] scsi target2:0:0: Domain Validation skipping write tests
[    7.149762] scsi target2:0:0: Ending Domain Validation
[    7.151426] scsi target2:0:0: asynchronous
[    7.159693] scsi 2:0:1:0: Direct-Access     VBOX     HARDDISK         1.0  PQ: 0 ANSI: 5
[    7.476439] scsi target2:0:1: Beginning Domain Validation
[    7.495693] random: fast init done
[    8.024925] scsi target2:0:1: Domain Validation skipping write tests
[    8.026897] scsi target2:0:1: Ending Domain Validation
[    8.028809] scsi target2:0:1: asynchronous
[    8.035578] random: systemd-udevd: uninitialized urandom read (16 bytes read)
[    8.037385] e1000 0000:00:08.0 eth1: (PCI:33MHz:32-bit) 08:00:27:fd:c9:53
[    8.037388] e1000 0000:00:08.0 eth1: Intel(R) PRO/1000 Network Connection
[    8.042112] sd 2:0:0:0: Attached scsi generic sg0 type 0
[    8.097968] random: systemd-udevd: uninitialized urandom read (16 bytes read)
[    8.097972] random: systemd-udevd: uninitialized urandom read (16 bytes read)
[    8.098968] e1000 0000:00:08.0 enp0s8: renamed from eth1
[    8.103393] sd 2:0:0:0: [sda] 20971520 512-byte logical blocks: (10.7 GB/10.0 GiB)
[    8.105338] sd 2:0:1:0: Attached scsi generic sg1 type 0
[    8.107002] sd 2:0:0:0: [sda] Write Protect is off
[    8.108640] sd 2:0:0:0: [sda] Incomplete mode parameter data
[    8.109989] sd 2:0:0:0: [sda] Assuming drive cache: write through
[    8.111590] sd 2:0:1:0: [sdb] 20480 512-byte logical blocks: (10.5 MB/10.0 MiB)
[    8.113686] sd 2:0:1:0: [sdb] Write Protect is off
[    8.115821] sd 2:0:1:0: [sdb] Incomplete mode parameter data
[    8.119350] sd 2:0:1:0: [sdb] Assuming drive cache: write through
[    8.121642]  sda: sda1
[    8.123641] sd 2:0:0:0: [sda] Attached SCSI disk
[    8.125702] e1000 0000:00:03.0 enp0s3: renamed from eth0
[    8.136150] sd 2:0:1:0: [sdb] Attached SCSI disk
Begin: Loading essential drivers ... [    9.621674] raid6: sse2x1   gen() 12930 MB/s
[    9.724036] raid6: sse2x1   xor()  8887 MB/s
[    9.837847] raid6: sse2x2   gen() 15963 MB/s
[    9.920332] raid6: sse2x2   xor()  9771 MB/s
[   10.061032] raid6: sse2x4   gen() 18039 MB/s
[   10.144700] raid6: sse2x4   xor() 10602 MB/s
[   10.268027] raid6: avx2x1   gen() 24826 MB/s
[   10.377661] raid6: avx2x1   xor() 17732 MB/s
[   10.471291] raid6: avx2x2   gen() 28507 MB/s
[   10.520091] raid6: avx2x2   xor()  9611 MB/s
[   10.568231] raid6: avx2x4   gen() 26225 MB/s
[   10.704328] raid6: avx2x4   xor() 20660 MB/s
[   10.705745] raid6: using algorithm avx2x2 gen() 28507 MB/s
[   10.749438] raid6: .... xor() 9611 MB/s, rmw enabled
[   10.798104] raid6: using avx2x2 recovery algorithm
[   10.909255] xor: automatically using best checksumming function   avx       
[   10.959388] async_tx: api initialized (async)
done.
Begin: Running /scripts/init-premount ... done.
Begin: Mounting root file system ... Begin: Running /scripts/local-top ... done.
Begin: Running /scripts/local-premount ... [   11.006337] Btrfs loaded, crc32c=crc32c-intel
Scanning for Btrfs filesystems
done.
Warning: fsck no[   11.094704] EXT4-fs (sda1): INFO: recovery required on readonly filesystem
t present, so skipping root file[   11.159686] EXT4-fs (sda1): write access will be enabled during recovery
 system
[   11.283535] EXT4-fs (sda1): orphan cleanup on readonly fs
[   11.303265] EXT4-fs (sda1): 1 orphan inode deleted
[   11.382028] EXT4-fs (sda1): recovery complete
[   11.462771] EXT4-fs (sda1): mounted filesystem with ordered data mode. Opts: (null)
done.
Begin: Running /scripts/local-bottom ... done.
Begin: Running /scripts/init-bottom ... done.
[   11.752948] ip_tables: (C) 2000-2006 Netfilter Core Team
[   11.767094] systemd[1]: systemd 237 running in system mode. (+PAM +AUDIT +SELINUX +IMA +APPARMOR +SMACK +SYSVINIT +UTMP +LIBCRYPTSETUP +GCRYPT +GNUTLS +ACL +XZ +LZ4 +SECCOMP +BLKID +ELFUTILS +KMOD -IDN2 +IDN -PCRE2 default-hierarchy=hybrid)
[   11.797518] systemd[1]: Detected virtualization oracle.
[   11.819127] systemd[1]: Detected architecture x86-64.

Welcome to [1mUbuntu 18.04.1 LTS[0m!

[   11.858643] systemd[1]: Set hostname to <ubuntu-bionic>.
[   12.182946] systemd[1]: Started Forward Password Requests to Wall Directory Watch.
[[0;32m  OK  [0m] Started Forward Password Requests to Wall Directory Watch.
[   12.204722] systemd[1]: Reached target User and Group Name Lookups.
[[0;32m  OK  [0m] Reached target User and Group Name Lookups.
[   12.287196] systemd[1]: Created slice User and Session Slice.
[[0;32m  OK  [0m] Created slice User and Session Slice.
[   12.444045] systemd[1]: Created slice System Slice.
[[0;32m  OK  [0m] Created slice System Slice.
[   12.447571] systemd[1]: Listening on Syslog Socket.
[[0;32m  OK  [0m] Listening on Syslog Socket.
[   12.525281] systemd[1]: Listening on /dev/initctl Compatibility Named Pipe.
[[0;32m  OK  [0m] Listening on /dev/initctl Compatibility Named Pipe.
[[0;32m  OK  [0m] Reached target Slices.
[[0;32m  OK  [0m] Listening on Device-mapper event daemon FIFOs.
[[0;32m  OK  [0m] Listening on Journal Audit Socket.
[[0;32m  OK  [0m] Reached target Swap.
[[0;32m  OK  [0m] Listening on Journal Socket.
         Starting Create list of required st…ce nodes for the current kernel...
         Starting Load Kernel Modules...
         Starting Set the console keyboard layout...
         Mounting Huge Pa[   12.714984] Loading iSCSI transport class v2.0-870.
ges File System...
         Starting Uncomplicated firewall...
         Mounting POSIX Message Queue File System...
         Starting Remount Root and Kernel File Systems...
[[0;32m  OK  [0m] Listening on udev Control Socket.
[[0;32m  OK  [0[   12.753584] iscsi: registered transport (tcp)
m] Listening on Network Service Netlink Socket.
[[0;32m  OK  [0m] Listening on LVM2 metadata daemon socket.
         Starting Monitoring of LVM2 mirrors…ng dmeventd or progress polling...
         Mounting Kernel Debug File System...
[[0;32m  OK  [0[   12.779992] iscsi: registered transport (iser)
m] Set up automount Arbitrary Executab…rmats File System Automount Point.
[[0;32m  OK  [0m] Reached target System Time Synchronized.
[[0;32m  OK  [0m] Listening on LVM2 poll daemon socket.
[[0;32m  OK  [0m] Listening on udev Kernel Socket.
         Starting udev Coldplug all Devices...
[[0;32m  OK  [0m] Listening on Journal Socket (/dev/log).
         Starting Journal Service...
[[0;32m  OK  [0m] Created slice system-serial\x2dgetty.slice.
[[0;32m  OK  [0m] Started Creat[   12.921933] EXT4-fs (sda1): re-mounted. Opts: (null)
e list of required sta…vice nodes for the current kernel.
[[0;32m  OK  [0m] Started Load Kernel Modules.
[[0;32m  OK  [0m] Mounted Huge Pages File System.
[[0;32m  OK  [0m] Started Journal Service.
[[0;32m  OK  [0m] Started Uncomplicated firewall.
[[0;32m  OK  [0m] Mounted POSIX Message Queue File System.
[[0;32m  OK  [0m] Started Remount Root and Kernel File Systems.
[[0;32m  OK  [0m] Mounted Kernel Debug File System.
[[0;32m  OK  [0m] Started LVM2 metadata daemon.
         Starting Initial cloud-init job (pre-networking)...
         Starting Load/Save Random Seed...
         Starting Flush Journal to Persistent Storage...
         Mounting FUSE Control File System...
         Starting Apply Kernel Variables...
         Mounting Kernel [   13.173399] random: crng init done
Configuration File System...
[   13.189200] random: 7 urandom warning(s) missed due to ratelimiting
         Starting Create Static Device Nodes in /dev...
[[0;32m  OK  [0m] Started Set the console keyboard layout.
[[0;32m  OK  [0m] Started Monitoring of LVM2 mirrors,…sing dmeventd or progress polling.
[[0;32m  OK  [0m] Started udev Coldplug all Devices.
[[0;32m  OK  [0m] Started Load/Save Random Seed.
[[0;32m  OK  [0m] Mounted FUSE Control File System.
[[0;32m  OK  [0m] Mounted Kernel Configuration File System.
[[0;32m  OK  [0m] Started Create Static Device Nodes in /dev.
[[0;32m  OK  [0m] Started Apply Kernel Variables.
         Starting udev Kernel Device Manager...
[[0;32m  OK  [0m] Reached target Local File Systems (Pre).
[[0;32m  OK  [0m] Reached target Local File Systems.
         Starting Set console font and keymap...
         Starting ebtables ruleset management...
         Starting Tell Plymouth To Write Out Runtime Data...
         Starting AppArmor initialization...
[[0;32m  OK  [0m] Started udev Kernel Device Manager.
[[0;32m  OK  [0m] Started Dispatch Password Requests to Console Directory Watch.
[[0;32m  OK  [0m] Reached target Local Encrypted Volumes.
[[0;32m  OK  [0m] Started Set console font and keymap.
[[0;32m  OK  [0m] Started Tell Plymouth To Write Out Runtime Data.
[[0;32m  OK  [0m] Found device /dev/ttyS0.
[[0;32m  OK  [0m] Started ebtables ruleset management.
[[0;32m  OK  [0m] Listening on Load/Save RF Kill Switch Status /dev/rfkill Watch.
[[0;32m  OK  [0m] Started Flush Journal to Persistent Storage.
         Starting Create Volatile Files and Directories...
[[0;32m  OK  [0m] Started Create Volatile Files and Directories.
         Starting Update UTMP about System Boot/Shutdown...
[[0;32m  OK  [0m] Started Update UTMP about System Boot/Shutdown.
[[0;32m  OK  [0m] Started AppArmor initialization.
[   14.729487] cloud-init[414]: Cloud-init v. 18.4-0ubuntu1~18.04.1 running 'init-local' at Mon, 13 May 2019 07:47:24 +0000. Up 14.55 seconds.
[[0;32m  OK  [0m] Started Initial cloud-init job (pre-networking).
[[0;32m  OK  [0m] Reached target Network (Pre).
         Starting Network Service...
[[0;32m  OK  [0m] Started Network Service.
         Starting Wait for Network to be Configured...
         Starting Network Name Resolution...
[[0;32m  OK  [0m] Started Network Name Resolution.
[[0;32m  OK  [0m] Reached target Host and Network Name Lookups.
[[0;32m  OK  [0m] Reached target Network.
[[0;32m  OK  [0m] Started Wait for Network to be Configured.
         Starting Initial cloud-init job (metadata service crawler)...
[   16.904228] cloud-init[664]: Cloud-init v. 18.4-0ubuntu1~18.04.1 running 'init' at Mon, 13 May 2019 07:47:26 +0000. Up 16.79 seconds.
[   16.940427] cloud-init[664]: ci-info: ++++++++++++++++++++++++++++++++++++++Net device info+++++++++++++++++++++++++++++++++++++++
[   16.945180] cloud-init[664]: ci-info: +--------+------+-----------------------------+---------------+--------+-------------------+
[   16.955974] cloud-init[664]: ci-info: | Device |  Up  |           Address           |      Mask     | Scope  |     Hw-Address    |
[   16.976202] cloud-init[664]: ci-info: +--------+------+-----------------------------+---------------+--------+-------------------+
[   17.000665] cloud-init[664]: ci-info: | enp0s3 | True |          10.0.2.15          | 255.255.255.0 | global | 02:40:60:a0:34:b1 |
[   17.003201] cloud-init[664]: ci-info: | enp0s3 | True |  fe80::40:60ff:fea0:34b1/64 |       .       |  link  | 02:40:60:a0:34:b1 |
[   17.005782] cloud-init[664]: ci-info: | enp0s8 | True |        192.168.33.10        | 255.255.255.0 | global | 08:00:27:fd:c9:53 |
[   17.008963] cloud-init[664]: ci-info: | enp0s8 | True | fe80::a00:27ff:fefd:c953/64 |       .       |  link  | 08:00:27:fd:c9:53 |
[   17.011879] cloud-init[664]: ci-info: |   lo   | True |          127.0.0.1          |   255.0.0.0   |  host  |         .         |
[   17.014824] cloud-init[664]: ci-info: |   lo   | True |           ::1/128           |       .       |  host  |         .         |
[   17.022872] cloud-init[664]: ci-info: +--------+------+-----------------------------+---------------+--------+-------------------+
[   17.026304] cloud-init[664]: ci-info: +++++++++++++++++++++++++++++Route IPv4 info+++++++++++++++++++++++++++++
[   17.029313] cloud-init[664]: ci-info: +-------+--------------+----------+-----------------+-----------+-------+
[   17.032210] cloud-init[664]: ci-info: | Route | Destination  | Gateway  |     Genmask     | Interface | Flags |
[   17.034922] cloud-init[664]: ci-info: +-------+--------------+----------+-----------------+-----------+-------+
[   17.042208] cloud-init[664]: ci-info: |   0   |   0.0.0.0    | 10.0.2.2 |     0.0.0.0     |   enp0s3  |   UG  |
[   17.045085] cloud-init[664]: ci-info: |   1   |   10.0.2.0   | 0.0.0.0  |  255.255.255.0  |   enp0s3  |   U   |
[   17.047922] cloud-init[664]: ci-info: |   2   |   10.0.2.2   | 0.0.0.0  | 255.255.255.255 |   enp0s3  |   UH  |
[   17.050722] cloud-init[664]: ci-info: |   3   | 192.168.33.0 | 0.0.0.0  |  255.255.255.0  |   enp0s8  |   U   |
[   17.053203] cloud-init[664]: ci-info: +-------+--------------+----------+-----------------+-----------+-------+
[   17.055839] cloud-init[664]: ci-info: +++++++++++++++++++Route IPv6 info+++++++++++++++++++
[   17.073295] cloud-init[664]: ci-info: +-------+-------------+---------+-----------+-------+
[   17.075831] cloud-init[664]: ci-info: | Route | Destination | Gateway | Interface | Flags |
[   17.078321] cloud-init[664]: ci-info: +-------+-------------+---------+-----------+-------+
[   17.080762] cloud-init[664]: ci-info: |   1   |  fe80::/64  |    ::   |   enp0s8  |   U   |
[   17.083127] cloud-init[664]: ci-info: |   2   |  fe80::/64  |    ::   |   enp0s3  |   U   |
[   17.085307] cloud-init[664]: ci-info: |   4   |    local    |    ::   |   enp0s3  |   U   |
[   17.087746] cloud-init[664]: ci-info: |   5   |    local    |    ::   |   enp0s8  |   U   |
[   17.090284] cloud-init[664]: ci-info: |   6   |   ff00::/8  |    ::   |   enp0s8  |   U   |
[   17.092534] cloud-init[664]: ci-info: |   7   |   ff00::/8  |    ::   |   enp0s3  |   U   |
[   17.095011] cloud-init[664]: ci-info: +-------+-------------+---------+-----------+-------+
[[0;32m  OK  [0m] Started Initial cloud-init job (metadata service crawler).
[[0;32m  OK  [0m] Reached target Network is Online.
[[0;32m  OK  [0m] Reached target Remote File Systems (Pre).
[[0;32m  OK  [0m] Reached target Remote File Systems.
         Starting Availability of block devices...
[[0;32m  OK  [0m] Reached target System Initialization.
[[0;32m  OK  [0m] Listening on UUID daemon activation socket.
[[0;32m  OK  [0m] Listening on ACPID Listen Socket.
[[0;32m  OK  [0m] Listening on Open-iSCSI iscsid Socket.
         Starting Socket activation for snappy daemon.
[[0;32m  OK  [0m] Started Daily Cleanup of Temporary Directories.
[[0;32m  OK  [0m] Started Discard unused blocks once a week.
[[0;32m  OK  [0m] Started Message of the Day.
         Starting LXD - unix socket.
[[0;32m  OK  [0m] Started Daily apt download activities.
[[0;32m  OK  [0m] Started Daily apt upgrade and clean activities.
[[0;32m  OK  [0m] Reached target Timers.
[[0;32m  OK  [0m] Started ACPI Events Check.
[[0;32m  OK  [0m] Reached target Paths.
[[0;32m  OK  [0m] Listening on D-Bus System Message Bus Socket.
[[0;32m  OK  [0m] Reached target Cloud-config availability.
[[0;32m  OK  [0m] Started Availability of block devices.
[[0;32m  OK  [0m] Listening on Socket activation for snappy daemon.
[[0;32m  OK  [0m] Listening on LXD - unix socket.
[[0;32m  OK  [0m] Reached target Sockets.
[[0;32m  OK  [0m] Reached target Basic System.
         Starting Permit User Sessions...
         Starting LSB: automatic crash report generation...
[[0;32m  OK  [0m] Started FUSE filesystem for LXC.
[[0;32m  OK  [0m] Started Deferred execution scheduler.
         Starting System Logging Service...
[[0;32m  OK  [0m] Started Regular background program processing daemon.
         Starting Dispatcher daemon for systemd-networkd...
         Starting LSB: Record successful boot for GRUB...
         Starting Accounts Service...
         Starting Login Service...
         Starting Virtualbox guest utils...
[[0;32m  OK  [0m] Started irqbalance daemon.
         Starting Snappy daemon...
         Starting OpenBSD Secure Shell server...
[[0;32m  OK  [0m] Started D-Bus System Message Bus.
[[0;32m  OK  [0m] Started Login Service.
[[0;32m  OK  [0m] Started Unattended Upgrades Shutdown.
         Starting LXD - container startup/shutdown...
[[0;32m  OK  [0m] Started System Logging Service.
[[0;32m  OK  [0m] Started Permit User Sessions.
         Starting Terminate Plymouth Boot Screen...
         Starting Hold until boot process finishes up...
[[0;32m  OK  [0m] Started OpenBSD Secure Shell server.
[[0;32m  OK  [0m] Started Hold until boot process finishes up.
         Starting Set console scheme...
[[0;32m  OK  [0m] Started Serial Getty on ttyS0.
[[0;32m  OK  [0m] Started Terminate Plymouth Boot Screen.
[[0;32m  OK  [0m] Started Dispatcher daemon for systemd-networkd.
[[0;32m  OK  [0m] Started Set console scheme.
[[0;32m  OK  [0m] Created slice system-getty.slice.
[[0;32m  OK  [0m] Started Getty on tty1.
[[0;32m  OK  [0m] Reached target Login Prompts.
         Starting Authorization Manager...
[[0;32m  OK  [0m] Started Snappy daemon.
         Starting Wait until snapd is fully seeded...
[[0;32m  OK  [0m] Started LSB: Record successful boot for GRUB.
[[0;32m  OK  [0m] Started LSB: automatic crash report generation.
[[0;32m  OK  [0m] Started Authorization Manager.
[[0;32m  OK  [0m] Started Accounts Service.
[[0;32m  OK  [0m] Started LXD - container startup/shutdown.
[[0;32m  OK  [0m] Started Wait until snapd is fully seeded.
         Starting Apply the settings specified in cloud-config...
[[0;32m  OK  [0m] Started Virtualbox guest utils.
[[0;32m  OK  [0m] Reached target Multi-User System.
[[0;32m  OK  [0m] Reached target Graphical Interface.
         Starting Update UTMP about System Runlevel Changes...
[[0;32m  OK  [0m] Started Update UTMP about System Runlevel Changes.
[   19.343085] cloud-init[1082]: Cloud-init v. 18.4-0ubuntu1~18.04.1 running 'modules:config' at Mon, 13 May 2019 07:47:28 +0000. Up 19.25 seconds.
[[0;32m  OK  [0m] Started Apply the settings specified in cloud-config.
         Starting Execute cloud user/final scripts...
[   19.856887] cloud-init[1159]: Cloud-init v. 18.4-0ubuntu1~18.04.1 running 'modules:final' at Mon, 13 May 2019 07:47:29 +0000. Up 19.74 seconds.
[[   19.936994] cloud-init[1159]: Cloud-init v. 18.4-0ubuntu1~18.04.1 finished at Mon, 13 May 2019 07:47:29 +0000. Datasource DataSourceNoCloud [seed=/dev/sdb][dsmode=net].  Up 19.85 seconds
[0;32m  OK  [0m] Started Execute cloud user/final scripts.
[[0;32m  OK  [0m] Reached target Cloud-init target.

Ubuntu 18.04.1 LTS ubuntu-bionic ttyS0

ubuntu-bionic login: [101388.348239] general protection fault: 0000 [#1] SMP PTI
[101388.352306] Modules linked in: vboxsf isofs input_leds vboxguest video serio_raw sch_fq_codel ib_iser rdma_cm iw_cm ib_cm ib_core iscsi_tcp libiscsi_tcp libiscsi scsi_transport_iscsi ip_tables x_tables autofs4 btrfs zstd_compress raid10 raid456 async_raid6_recov async_memcpy async_pq async_xor async_tx xor raid6_pq libcrc32c raid1 raid0 multipath linear crct10dif_pclmul crc32_pclmul ghash_clmulni_intel pcbc aesni_intel aes_x86_64 crypto_simd mptspi glue_helper cryptd scsi_transport_spi mptscsih mptbase psmouse e1000
[101388.429310] CPU: 1 PID: 8654 Comm: puma 005 Not tainted 4.15.0-47-generic #50-Ubuntu
[101388.459597] Hardware name: innotek GmbH VirtualBox/VirtualBox, BIOS VirtualBox 12/01/2006
[101388.468899] RIP: 0010:__kmalloc+0xc9/0x220
[101388.488161] RSP: 0018:ffffb4cec5633580 EFLAGS: 00010206
[101388.522322] RAX: 0000000000000000 RBX: 7df6a087efd7f6d1 RCX: 0000000000ae70a7
[101388.532345] RDX: 0000000000ae70a6 RSI: 0000000000000000 RDI: 00000000000270e0
[101388.563832] RBP: ffffb4cec56335b0 R08: ffff88172559f880 R09: ffff88173e003500
[101388.589285] R10: 0000000000000058 R11: 82092890ca8e0e51 R12: ffff88172559f880
[101388.619628] R13: 00000000014002c0 R14: 0000000000000068 R15: ffff88173e003500
[101388.623817] FS:  00007f33d76f1700(0000) GS:ffff88173fd00000(0000) knlGS:0000000000000000
[101388.654109] CS:  0010 DS: 0000 ES: 0000 CR0: 0000000080050033
[101388.671259] CR2: 00007f33bbcd3f78 CR3: 00000000254ce005 CR4: 00000000000606e0
[101388.676452] DR0: 0000000000000000 DR1: 0000000000000000 DR2: 0000000000000000
[101388.695129] DR3: 0000000000000000 DR6: 00000000fffe0ff0 DR7: 0000000000000400
[101388.722773] Call Trace:
[101388.725392]  ? rtR0MemAllocEx+0x189/0x220 [vboxguest]
[101388.743847]  rtR0MemAllocEx+0x189/0x220 [vboxguest]
[101388.753819]  VBoxGuest_RTMemAllocZTag+0x2a/0x60 [vboxguest]
[101388.756024]  rtR0MemObjNew+0x37/0x70 [vboxguest]
[101388.757543]  rtR0MemObjNativeLockKernel+0x85/0x480 [vboxguest]
[101388.759409]  VBoxGuest_RTR0MemObjLockKernelTag+0xa4/0xc0 [vboxguest]
[101388.765549]  VbglR0HGCMInternalCall+0x348/0xeb0 [vboxguest]
[101388.792189]  ? vgdrvHgcmAsyncWaitCallbackWorker+0x210/0x210 [vboxguest]
[101388.819369]  ? __switch_to_asm+0x40/0x70
[101388.830563]  ? __switch_to_asm+0x34/0x70
[101388.839742]  ? __switch_to_asm+0x40/0x70
[101388.851463]  ? __switch_to_asm+0x34/0x70
[101388.852726]  ? __switch_to_asm+0x40/0x70
[101388.855573]  ? __switch_to_asm+0x34/0x70
[101388.856814]  ? __switch_to_asm+0x40/0x70
[101388.860935]  ? __switch_to_asm+0x40/0x70
[101388.865271]  ? __switch_to_asm+0x34/0x70
[101388.866650]  ? __switch_to_asm+0x40/0x70
[101388.878739]  ? __switch_to_asm+0x34/0x70
[101388.889184]  ? __switch_to_asm+0x40/0x70
[101388.904795]  ? __switch_to_asm+0x34/0x70
[101388.915825]  ? __switch_to_asm+0x40/0x70
[101388.917066]  ? __switch_to_asm+0x34/0x70
[101388.959343]  ? __switch_to_asm+0x40/0x70
[101388.972093]  ? __switch_to_asm+0x34/0x70
[101388.982046]  ? __switch_to_asm+0x40/0x70
[101388.983041]  ? __switch_to_asm+0x34/0x70
[101389.012121]  ? __switch_to_asm+0x40/0x70
[101389.019948]  ? __switch_to_asm+0x34/0x70
[101389.026993]  ? __switch_to_asm+0x40/0x70
[101389.056099]  ? __switch_to_asm+0x34/0x70
[101389.058377]  ? __switch_to_asm+0x40/0x70
[101389.071056]  ? __switch_to_asm+0x34/0x70
[101389.075671]  ? __switch_to_asm+0x40/0x70
[101389.076923]  vgdrvIoCtl_HGCMCallWrapper+0x1d3/0x2e0 [vboxguest]
[101389.084908]  VGDrvCommonIoCtl+0x3cd/0x1810 [vboxguest]
[101389.121382]  ? __schedule+0x299/0x8a0
[101389.122808]  VBoxGuestIDC+0x149/0x160 [vboxguest]
[101389.154611]  VbglR0IdcCallRaw+0x13/0x20 [vboxsf]
[101389.174227]  VbglR0HGCMCallRaw+0x44/0xa0 [vboxsf]
[101389.176498]  VbglR0HGCMCall+0x12/0x20 [vboxsf]
[101389.208224]  VbglR0SfCreate+0xaf/0xd0 [vboxsf]
[101389.216716]  sf_stat+0x66/0x110 [vboxsf]
[101389.232857]  sf_inode_revalidate+0x8c/0xe0 [vboxsf]
[101389.234330]  sf_dentry_revalidate+0x13/0x30 [vboxsf]
[101389.237546]  d_revalidate.part.18+0x10/0x20
[101389.239329]  lookup_fast+0x307/0x320
[101389.270201]  walk_component+0x49/0x470
[101389.271558]  link_path_walk+0x1bc/0x5a0
[101389.288006]  ? path_init+0x177/0x2f0
[101389.299450]  path_lookupat+0x56/0x1f0
[101389.301032]  ? VBoxGuestIDC+0x149/0x160 [vboxguest]
[101389.337048]  filename_lookup+0xb6/0x190
[101389.356000]  ? __check_object_size+0xaf/0x1b0
[101389.390863]  ? strncpy_from_user+0x4d/0x170
[101389.418673]  user_path_at_empty+0x36/0x40
[101389.461683]  ? user_path_at_empty+0x36/0x40
[101389.485588]  vfs_statx+0x76/0xe0
[101389.496990]  ? _cond_resched+0x19/0x40
[101389.498243]  SYSC_newstat+0x3d/0x70
[101389.499362]  ? SyS_rename+0xf3/0x3c0
[101389.500509]  SyS_newstat+0xe/0x10
[101389.501587]  do_syscall_64+0x73/0x130
[101389.504164]  entry_SYSCALL_64_after_hwframe+0x3d/0xa2
[101389.509679] RIP: 0033:0x7f33eb729775
[101389.518560] RSP: 002b:00007f33d76ea4e8 EFLAGS: 00000246 ORIG_RAX: 0000000000000004
[101389.527646] RAX: ffffffffffffffda RBX: 0000000000000001 RCX: 00007f33eb729775
[101389.529481] RDX: 00007f33d76ea5a0 RSI: 00007f33d76ea5a0 RDI: 00007f33b954c8d0
[101389.531273] RBP: 000055a0e6ed0f38 R08: 0000000000000000 R09: 00007f33ebeabeb0
[101389.533048] R10: 0000000000000000 R11: 0000000000000246 R12: 000055a0e6ed0cb0
[101389.534862] R13: 00007f33d76f1680 R14: 00007f33eba9b3e0 R15: 00007f33d76ea570
[101389.542563] Code: 4d 01 e0 4d 8b 18 4d 33 99 40 01 00 00 4c 89 c3 4c 31 db 65 48 0f c7 0f 0f 94 c0 84 c0 74 ac 4d 39 d8 74 14 49 63 41 20 48 01 c3 <48> 33 1b 49 33 99 40 01 00 00 0f 18 0b 41 f7 c5 00 80 00 00 0f 
[101389.548254] RIP: __kmalloc+0xc9/0x220 RSP: ffffb4cec5633580
[101389.550349] ---[ end trace d4a4bffc5261074e ]---
[101394.973105] general protection fault: 0000 [#2] SMP PTI
[101394.975568] Modules linked in: vboxsf isofs input_leds vboxguest video serio_raw sch_fq_codel ib_iser rdma_cm iw_cm ib_cm ib_core iscsi_tcp libiscsi_tcp libiscsi scsi_transport_iscsi ip_tables x_tables autofs4 btrfs zstd_compress raid10 raid456 async_raid6_recov async_memcpy async_pq async_xor async_tx xor raid6_pq libcrc32c raid1 raid0 multipath linear crct10dif_pclmul crc32_pclmul ghash_clmulni_intel pcbc aesni_intel aes_x86_64 crypto_simd mptspi glue_helper cryptd scsi_transport_spi mptscsih mptbase psmouse e1000
[101395.034505] CPU: 1 PID: 862 Comm: irqbalance Tainted: G      D          4.15.0-47-generic #50-Ubuntu
[101395.043087] Hardware name: innotek GmbH VirtualBox/VirtualBox, BIOS VirtualBox 12/01/2006
[101395.057306] RIP: 0010:kmem_cache_alloc_trace+0x85/0x1b0
[101395.058968] RSP: 0018:ffffb4cec056fb88 EFLAGS: 00010206
[101395.060717] RAX: 7df6a087efd7f6d1 RBX: 7df6a087efd7f6d1 RCX: 0000000000ae70a8
[101395.063316] RDX: 0000000000ae70a7 RSI: 00000000014080c0 RDI: 00000000000270e0
[101395.065706] RBP: ffffb4cec056fbc0 R08: ffff88173fd270e0 R09: 0000000000000000
[101395.068234] R10: ffff88173a884780 R11: 0000000000000000 R12: 00000000014080c0
[101395.079297] R13: ffff88173e003500 R14: 7df6a087efd7f6d1 R15: ffff88173e003500
[101395.099450] FS:  00007f7da9adff00(0000) GS:ffff88173fd00000(0000) knlGS:0000000000000000
[101395.108630] CS:  0010 DS: 0000 ES: 0000 CR0: 0000000080050033
[101395.116531] CR2: 00007f33bbcd3f78 CR3: 000000003be20002 CR4: 00000000000606e0
[101395.123778] DR0: 0000000000000000 DR1: 0000000000000000 DR2: 0000000000000000
[101395.125518] DR3: 0000000000000000 DR6: 00000000fffe0ff0 DR7: 0000000000000400
[101395.127241] Call Trace:
[101395.127928]  ? seq_open+0x34/0x90
[101395.128782]  ? seq_read+0x430/0x430
[101395.129672]  seq_open+0x34/0x90
[101395.130507]  interrupts_open+0x18/0x20
[101395.131475]  proc_reg_open+0x75/0x130
[101395.141945]  do_dentry_open+0x1c2/0x310
[101395.142915]  ? __inode_permission+0x5b/0x160
[101395.144012]  ? proc_reg_llseek+0x70/0x70
[101395.145006]  vfs_open+0x4f/0x80
[101395.145819]  path_openat+0x66e/0x1770
[101395.146746]  do_filp_open+0x9b/0x110
[101395.147658]  ? call_rcu_sched+0x17/0x20
[101395.148648]  ? __check_object_size+0xaf/0x1b0
[101395.149724]  ? __alloc_fd+0xb2/0x170
[101395.150643]  do_sys_open+0x1bb/0x2c0
[101395.151684]  ? do_sys_open+0x1bb/0x2c0
[101395.154279]  SyS_openat+0x14/0x20
[101395.165096]  do_syscall_64+0x73/0x130
[101395.166583]  entry_SYSCALL_64_after_hwframe+0x3d/0xa2
[101395.171363] RIP: 0033:0x7f7da88a0d19
[101395.172270] RSP: 002b:00007ffcc0fd2d40 EFLAGS: 00000293 ORIG_RAX: 0000000000000101
[101395.174100] RAX: ffffffffffffffda RBX: 000055f3c19a9290 RCX: 00007f7da88a0d19
[101395.175853] RDX: 0000000000000000 RSI: 000055f3bf7d4155 RDI: 00000000ffffff9c
[101395.177593] RBP: 000055f3bf7d2ac6 R08: 0000000000000000 R09: 00006a3daaaf0519
[101395.179323] R10: 0000000000000000 R11: 0000000000000293 R12: 0000000000000008
[101395.194780] R13: 000055f3bf7d2ac6 R14: 000055f3c19b79b0 R15: 00007f7da96c3280
[101395.205575] Code: 75 fc 72 49 83 78 10 00 4d 8b 30 0f 84 f2 00 00 00 4d 85 f6 0f 84 e9 00 00 00 49 63 5f 20 49 8b 3f 48 8d 4a 01 4c 89 f0 4c 01 f3 <48> 33 1b 49 33 9f 40 01 00 00 65 48 0f c7 0f 0f 94 c0 84 c0 74 
[101395.225023] RIP: kmem_cache_alloc_trace+0x85/0x1b0 RSP: ffffb4cec056fb88
[101395.226824] ---[ end trace d4a4bffc5261074f ]---
[101401.094704] general protection fault: 0000 [#3] SMP PTI
[101401.171801] Modules linked in: vboxsf isofs input_leds vboxguest video serio_raw sch_fq_codel ib_iser rdma_cm iw_cm ib_cm ib_core iscsi_tcp libiscsi_tcp libiscsi scsi_transport_iscsi ip_tables x_tables autofs4 btrfs zstd_compress raid10 raid456 async_raid6_recov async_memcpy async_pq async_xor async_tx xor raid6_pq libcrc32c raid1 raid0 multipath linear crct10dif_pclmul crc32_pclmul ghash_clmulni_intel pcbc aesni_intel aes_x86_64 crypto_simd mptspi glue_helper cryptd scsi_transport_spi mptscsih mptbase psmouse e1000
[101401.245927] CPU: 1 PID: 8651 Comm: puma 002 Tainted: G      D          4.15.0-47-generic #50-Ubuntu
[101401.252307] Hardware name: innotek GmbH VirtualBox/VirtualBox, BIOS VirtualBox 12/01/2006
[101401.256522] RIP: 0010:__kmalloc+0xa1/0x220
[101401.257957] RSP: 0018:ffffb4cec561b580 EFLAGS: 00010206
[101401.266130] RAX: 7df6a087efd7f6d1 RBX: 0000000000000000 RCX: 0000000000ae70a8
[101401.267880] RDX: 0000000000ae70a7 RSI: 0000000000000000 RDI: 00000000000270e0
[101401.273993] RBP: ffffb4cec561b5b0 R08: 7df6a087efd7f6d1 R09: ffff88173e003500
[101401.276959] R10: 0000000000000058 R11: ffffb4cec561b9e0 R12: 7df6a087efd7f6d1
[101401.278994] R13: 00000000014002c0 R14: 0000000000000068 R15: ffff88173e003500
[101401.280738] FS:  00007f33d79f4700(0000) GS:ffff88173fd00000(0000) knlGS:0000000000000000
[101401.282689] CS:  0010 DS: 0000 ES: 0000 CR0: 0000000080050033
[101401.284380] CR2: 00007f33d79f0f88 CR3: 00000000254ce006 CR4: 00000000000606e0
[101401.286754] DR0: 0000000000000000 DR1: 0000000000000000 DR2: 0000000000000000
[101401.288918] DR3: 0000000000000000 DR6: 00000000fffe0ff0 DR7: 0000000000000400
[101401.290859] Call Trace:
[101401.291754]  ? rtR0MemAllocEx+0x189/0x220 [vboxguest]
[101401.292984]  rtR0MemAllocEx+0x189/0x220 [vboxguest]
[101401.294171]  VBoxGuest_RTMemAllocZTag+0x2a/0x60 [vboxguest]
[101401.309568]  rtR0MemObjNew+0x37/0x70 [vboxguest]
[101401.354755]  rtR0MemObjNativeLockKernel+0x85/0x480 [vboxguest]
[101401.405331]  VBoxGuest_RTR0MemObjLockKernelTag+0xa4/0xc0 [vboxguest]
[101401.489471]  VbglR0HGCMInternalCall+0x348/0xeb0 [vboxguest]
[101401.548267]  ? vgdrvHgcmAsyncWaitCallbackWorker+0x210/0x210 [vboxguest]
[101401.549843]  vgdrvIoCtl_HGCMCallWrapper+0x1d3/0x2e0 [vboxguest]
[101401.557152]  VGDrvCommonIoCtl+0x3cd/0x1810 [vboxguest]
[101401.559572]  VBoxGuestIDC+0x149/0x160 [vboxguest]
[101401.562149]  VbglR0IdcCallRaw+0x13/0x20 [vboxsf]
[101401.563629]  VbglR0HGCMCallRaw+0x44/0xa0 [vboxsf]
[101401.565096]  VbglR0HGCMCall+0x12/0x20 [vboxsf]
[101401.566667]  VbglR0SfCreate+0xaf/0xd0 [vboxsf]
[101401.568006]  sf_stat+0x66/0x110 [vboxsf]
[101401.569200]  sf_inode_revalidate+0x8c/0xe0 [vboxsf]
[101401.571090]  ? __update_load_avg_se.isra.38+0x1c0/0x1d0
[101401.573144]  ? __update_load_avg_se.isra.38+0x1c0/0x1d0
[101401.574763]  ? __update_load_avg_se.isra.38+0x1c0/0x1d0
[101401.576943]  sf_dentry_revalidate+0x13/0x30 [vboxsf]
[101401.579348]  d_revalidate.part.18+0x10/0x20
[101401.582313]  lookup_fast+0x307/0x320
[101401.583964]  walk_component+0x49/0x470
[101401.585915]  link_path_walk+0x1bc/0x5a0
[101401.593982]  ? path_init+0x177/0x2f0
[101401.595734]  path_lookupat+0x56/0x1f0
[101401.608211]  filename_lookup+0xb6/0x190
[101401.611604]  ? __check_object_size+0xaf/0x1b0
[101401.621428]  ? strncpy_from_user+0x4d/0x170
[101401.624757]  user_path_at_empty+0x36/0x40
[101401.636210]  ? user_path_at_empty+0x36/0x40
[101401.637604]  vfs_statx+0x76/0xe0
[101401.645223]  SYSC_newstat+0x3d/0x70
[101401.646375]  ? __do_page_fault+0x270/0x4d0
[101401.661283]  SyS_newstat+0xe/0x10
[101401.662365]  do_syscall_64+0x73/0x130
[101401.669995]  entry_SYSCALL_64_after_hwframe+0x3d/0xa2
[101401.716386] RIP: 0033:0x7f33eb729775
[101401.724244] RSP: 002b:00007f33d79f1cc8 EFLAGS: 00000246 ORIG_RAX: 0000000000000004
[101401.754143] RAX: ffffffffffffffda RBX: 0000000000000001 RCX: 00007f33eb729775
[101401.769306] RDX: 00007f33d79f1d80 RSI: 00007f33d79f1d80 RDI: 00007f33c4001d50
[101401.803486] RBP: 000055a0e9aa77b8 R08: 0000000000000000 R09: 0000000000000018
[101401.807308] R10: 000055a0e4d34230 R11: 0000000000000246 R12: 000055a0e9aa7530
[101401.817678] R13: 00007f33d79f4680 R14: 00007f33eba9b3e0 R15: 00007f33d79f1d50
[101401.820376] Code: 6d fc 72 49 83 78 10 00 4d 8b 20 0f 84 19 01 00 00 4d 85 e4 0f 84 10 01 00 00 4d 63 41 20 49 8b 39 48 8d 4a 01 4c 89 e0 4d 01 e0 <4d> 8b 18 4d 33 99 40 01 00 00 4c 89 c3 4c 31 db 65 48 0f c7 0f 
[101401.835868] RIP: __kmalloc+0xa1/0x220 RSP: ffffb4cec561b580
[101401.837820] ---[ end trace d4a4bffc52610750 ]---
[101500.738157] general protection fault: 0000 [#4] SMP PTI
[101500.742497] Modules linked in: vboxsf isofs input_leds vboxguest video serio_raw sch_fq_codel ib_iser rdma_cm iw_cm ib_cm ib_core iscsi_tcp libiscsi_tcp libiscsi scsi_transport_iscsi ip_tables x_tables autofs4 btrfs zstd_compress raid10 raid456 async_raid6_recov async_memcpy async_pq async_xor async_tx xor raid6_pq libcrc32c raid1 raid0 multipath linear crct10dif_pclmul crc32_pclmul ghash_clmulni_intel pcbc aesni_intel aes_x86_64 crypto_simd mptspi glue_helper cryptd scsi_transport_spi mptscsih mptbase psmouse e1000
[101500.782738] CPU: 1 PID: 8653 Comm: puma 004 Tainted: G      D          4.15.0-47-generic #50-Ubuntu
[101500.785819] Hardware name: innotek GmbH VirtualBox/VirtualBox, BIOS VirtualBox 12/01/2006
[101500.793492] RIP: 0010:__kmalloc+0xa1/0x220
[101500.805987] RSP: 0018:ffffb4cec562b580 EFLAGS: 00010206
[101500.809996] RAX: 7df6a087efd7f6d1 RBX: 0000000000000000 RCX: 0000000000ae70a8
[101500.814027] RDX: 0000000000ae70a7 RSI: 0000000000000000 RDI: 00000000000270e0
[101500.826379] RBP: ffffb4cec562b5b0 R08: 7df6a087efd7f6d1 R09: ffff88173e003500
[101500.831803] R10: 0000000000000058 R11: ffffb4cec562b9e0 R12: 7df6a087efd7f6d1
[101500.835868] R13: 00000000014002c0 R14: 0000000000000068 R15: ffff88173e003500
[101500.842806] FS:  00007f33d77f2700(0000) GS:ffff88173fd00000(0000) knlGS:0000000000000000
[101500.846762] CS:  0010 DS: 0000 ES: 0000 CR0: 0000000080050033
[101500.851072] CR2: 000055a0e8e31000 CR3: 00000000254ce006 CR4: 00000000000606e0
[101500.854549] DR0: 0000000000000000 DR1: 0000000000000000 DR2: 0000000000000000
[101500.862961] DR3: 0000000000000000 DR6: 00000000fffe0ff0 DR7: 0000000000000400
[101500.864997] Call Trace:
[101500.866260]  ? rtR0MemAllocEx+0x189/0x220 [vboxguest]
[101500.874166]  rtR0MemAllocEx+0x189/0x220 [vboxguest]
[101500.881601]  VBoxGuest_RTMemAllocZTag+0x2a/0x60 [vboxguest]
[101500.882966]  ? __switch_to_asm+0x34/0x70
[101500.884083]  rtR0MemObjNew+0x37/0x70 [vboxguest]
[101500.885959]  rtR0MemObjNativeLockKernel+0x85/0x480 [vboxguest]
[101500.889159]  VBoxGuest_RTR0MemObjLockKernelTag+0xa4/0xc0 [vboxguest]
[101500.893890]  VbglR0HGCMInternalCall+0x348/0xeb0 [vboxguest]
[101500.895636]  ? vgdrvHgcmAsyncWaitCallbackWorker+0x210/0x210 [vboxguest]
[101500.897670]  ? finish_wait+0x56/0x70
[101500.898959]  ? wait_woken+0x80/0x80
[101500.931679]  ? up+0x32/0x50
[101500.934274]  vgdrvIoCtl_HGCMCallWrapper+0x1d3/0x2e0 [vboxguest]
[101500.951671]  VGDrvCommonIoCtl+0x3cd/0x1810 [vboxguest]
[101500.974792]  VBoxGuestIDC+0x149/0x160 [vboxguest]
[101500.982802]  VbglR0IdcCallRaw+0x13/0x20 [vboxsf]
[101501.002439]  VbglR0HGCMCallRaw+0x44/0xa0 [vboxsf]
[101501.010182]  VbglR0HGCMCall+0x12/0x20 [vboxsf]
[101501.011610]  VbglR0SfCreate+0xaf/0xd0 [vboxsf]
[101501.019346]  sf_stat+0x66/0x110 [vboxsf]
[101501.030025]  sf_inode_revalidate+0x8c/0xe0 [vboxsf]
[101501.038607]  ? __handle_mm_fault+0x478/0x5c0
[101501.039965]  sf_dentry_revalidate+0x13/0x30 [vboxsf]
[101501.052732]  d_revalidate.part.18+0x10/0x20
[101501.062446]  lookup_fast+0x307/0x320
[101501.063647]  walk_component+0x49/0x470
[101501.064965]  link_path_walk+0x1bc/0x5a0
[101501.066363]  path_lookupat+0x56/0x1f0
[101501.083091]  ? check_preempt_wakeup+0x130/0x240
[101501.084789]  filename_lookup+0xb6/0x190
[101501.103710]  ? ttwu_do_activate+0x77/0x80
[101501.105490]  ? try_to_wake_up+0x59/0x4a0
[101501.109532]  ? __check_object_size+0xaf/0x1b0
[101501.146121]  ? strncpy_from_user+0x4d/0x170
[101501.156913]  user_path_at_empty+0x36/0x40
[101501.158206]  ? user_path_at_empty+0x36/0x40
[101501.159526]  vfs_statx+0x76/0xe0
[101501.160579]  ? __switch_to+0x13a/0x500
[101501.169451]  ? __switch_to_asm+0x40/0x70
[101501.187537]  SYSC_newstat+0x3d/0x70
[101501.195325]  ? __schedule+0x299/0x8a0
[101501.202589]  ? schedule+0x2c/0x80
[101501.224494]  SyS_newstat+0xe/0x10
[101501.230770]  do_syscall_64+0x73/0x130
[101501.248485]  entry_SYSCALL_64_after_hwframe+0x3d/0xa2
[101501.269255] RIP: 0033:0x7f33eb729775
[101501.276065] RSP: 002b:00007f33d77effe8 EFLAGS: 00000246 ORIG_RAX: 0000000000000004
[101501.298160] RAX: ffffffffffffffda RBX: 0000000000000001 RCX: 00007f33eb729775
[101501.303243] RDX: 00007f33d77f00c0 RSI: 00007f33d77f00c0 RDI: 00007f33b15b5780
[101501.363789] RBP: 000055a0e6ed04a8 R08: 0000000000000000 R09: 000055a0e4d33b20
[101501.442703] R10: 0000000000000000 R11: 0000000000000246 R12: 000055a0e6ed0220
[101501.476229] R13: 00007f33d77f2680 R14: 00007f33eba9b3e0 R15: 00007f33d77f0070
[101501.500389] Code: 6d fc 72 49 83 78 10 00 4d 8b 20 0f 84 19 01 00 00 4d 85 e4 0f 84 10 01 00 00 4d 63 41 20 49 8b 39 48 8d 4a 01 4c 89 e0 4d 01 e0 <4d> 8b 18 4d 33 99 40 01 00 00 4c 89 c3 4c 31 db 65 48 0f c7 0f 
[101501.566151] RIP: __kmalloc+0xa1/0x220 RSP: ffffb4cec562b580
[101501.597766] ---[ end trace d4a4bffc52610751 ]---
[101513.679040] general protection fault: 0000 [#5] SMP PTI
[101513.682836] Modules linked in: vboxsf isofs input_leds vboxguest video serio_raw sch_fq_codel ib_iser rdma_cm iw_cm ib_cm ib_core iscsi_tcp libiscsi_tcp libiscsi scsi_transport_iscsi ip_tables x_tables autofs4 btrfs zstd_compress raid10 raid456 async_raid6_recov async_memcpy async_pq async_xor async_tx xor raid6_pq libcrc32c raid1 raid0 multipath linear crct10dif_pclmul crc32_pclmul ghash_clmulni_intel pcbc aesni_intel aes_x86_64 crypto_simd mptspi glue_helper cryptd scsi_transport_spi mptscsih mptbase psmouse e1000
[101513.741489] CPU: 1 PID: 8652 Comm: puma 003 Tainted: G      D          4.15.0-47-generic #50-Ubuntu
[101513.745768] Hardware name: innotek GmbH VirtualBox/VirtualBox, BIOS VirtualBox 12/01/2006
[101513.755230] RIP: 0010:__kmalloc+0xa1/0x220
[101513.757682] RSP: 0018:ffffb4cec5623580 EFLAGS: 00010206
[101513.780009] RAX: 7df6a087efd7f6d1 RBX: 0000000000000000 RCX: 0000000000ae70a8
[101513.783498] RDX: 0000000000ae70a7 RSI: 0000000000000000 RDI: 00000000000270e0
[101513.786006] RBP: ffffb4cec56235b0 R08: 7df6a087efd7f6d1 R09: ffff88173e003500
[101513.788499] R10: 0000000000000058 R11: ffffb4cec56239e0 R12: 7df6a087efd7f6d1
[101513.791968] R13: 00000000014002c0 R14: 0000000000000068 R15: ffff88173e003500
[101513.795206] FS:  00007f33d78f3700(0000) GS:ffff88173fd00000(0000) knlGS:0000000000000000
[101513.798420] CS:  0010 DS: 0000 ES: 0000 CR0: 0000000080050033
[101513.800382] CR2: 00007f33b4504388 CR3: 00000000254ce006 CR4: 00000000000606e0
[101513.803036] DR0: 0000000000000000 DR1: 0000000000000000 DR2: 0000000000000000
[101513.806105] DR3: 0000000000000000 DR6: 00000000fffe0ff0 DR7: 0000000000000400
[101513.811684] Call Trace:
[101513.812611]  ? rtR0MemAllocEx+0x189/0x220 [vboxguest]
[101513.814658]  rtR0MemAllocEx+0x189/0x220 [vboxguest]
[101513.816651]  VBoxGuest_RTMemAllocZTag+0x2a/0x60 [vboxguest]
[101513.820775]  rtR0MemObjNew+0x37/0x70 [vboxguest]
[101513.822386]  rtR0MemObjNativeLockKernel+0x85/0x480 [vboxguest]
[101513.837773]  VBoxGuest_RTR0MemObjLockKernelTag+0xa4/0xc0 [vboxguest]
[101513.857944]  VbglR0HGCMInternalCall+0x348/0xeb0 [vboxguest]
[101513.874309]  ? vgdrvHgcmAsyncWaitCallbackWorker+0x210/0x210 [vboxguest]
[101513.876756]  ? update_load_avg+0x676/0x6e0
[101513.901128]  ? __switch_to_asm+0x40/0x70
[101513.904672]  ? __switch_to_asm+0x34/0x70
[101513.911692]  ? __switch_to_asm+0x40/0x70
[101513.913645]  ? __switch_to_asm+0x34/0x70
[101513.915407]  ? __switch_to_asm+0x40/0x70
[101513.917509]  ? __switch_to_asm+0x34/0x70
[101513.919677]  ? __switch_to_asm+0x40/0x70
[101513.921790]  ? __switch_to_asm+0x34/0x70
[101513.925751]  ? __switch_to_asm+0x40/0x70
[101513.928721]  ? __switch_to_asm+0x34/0x70
[101513.931018]  ? __switch_to_asm+0x40/0x70
[101513.937987]  ? __switch_to_asm+0x34/0x70
[101513.939349]  ? __switch_to_asm+0x40/0x70
[101513.940823]  ? __switch_to_asm+0x34/0x70
[101513.942559]  ? __switch_to_asm+0x40/0x70
[101513.944926]  ? __switch_to_asm+0x34/0x70
[101513.946697]  ? __switch_to_asm+0x40/0x70
[101513.948398]  ? __switch_to_asm+0x34/0x70
[101513.956826]  ? __switch_to_asm+0x40/0x70
[101513.965194]  ? __switch_to_asm+0x34/0x70
[101513.972653]  ? __switch_to_asm+0x40/0x70
[101513.974454]  ? __switch_to_asm+0x34/0x70
[101513.975830]  ? __switch_to_asm+0x40/0x70
[101513.977440]  ? __switch_to_asm+0x34/0x70
[101513.980274]  ? __switch_to+0x13a/0x500
[101513.987560]  ? __switch_to_asm+0x40/0x70
[101514.009994]  vgdrvIoCtl_HGCMCallWrapper+0x1d3/0x2e0 [vboxguest]
[101514.025156]  VGDrvCommonIoCtl+0x3cd/0x1810 [vboxguest]
[101514.037338]  ? hrtimer_try_to_cancel+0xb5/0x110
[101514.051947]  VBoxGuestIDC+0x149/0x160 [vboxguest]
[101514.072337]  VbglR0IdcCallRaw+0x13/0x20 [vboxsf]
[101514.091494]  VbglR0HGCMCallRaw+0x44/0xa0 [vboxsf]
[101514.104978]  VbglR0HGCMCall+0x12/0x20 [vboxsf]
[101514.112423]  VbglR0SfCreate+0xaf/0xd0 [vboxsf]
[101514.124510]  sf_stat+0x66/0x110 [vboxsf]
[101514.142699]  sf_inode_revalidate+0x8c/0xe0 [vboxsf]
[101514.146392]  ? compat_poll_select_copy_remaining+0x130/0x130
[101514.183788]  sf_dentry_revalidate+0x13/0x30 [vboxsf]
[101514.186994]  d_revalidate.part.18+0x10/0x20
[101514.195372]  lookup_fast+0x307/0x320
[101514.199537]  walk_component+0x49/0x470
[101514.215383]  link_path_walk+0x1bc/0x5a0
[101514.235624]  ? path_init+0x177/0x2f0
[101514.239754]  path_lookupat+0x56/0x1f0
[101514.242628]  ? kmem_cache_free+0x1b3/0x1e0
[101514.244154]  filename_lookup+0xb6/0x190
[101514.245312]  ? _raw_spin_unlock_bh+0x1e/0x20
[101514.261522]  ? __check_object_size+0xaf/0x1b0
[101514.263008]  ? strncpy_from_user+0x4d/0x170
[101514.272501]  user_path_at_empty+0x36/0x40
[101514.299059]  ? user_path_at_empty+0x36/0x40
[101514.308007]  vfs_statx+0x76/0xe0
[101514.308923]  SYSC_newstat+0x3d/0x70
[101514.321351]  ? tcp_getsockopt+0x34/0x40
[101514.329225]  ? tcp_getsockopt+0x34/0x40
[101514.337027]  ? SyS_getsockopt+0xb2/0xe0
[101514.344577]  SyS_newstat+0xe/0x10
[101514.345706]  do_syscall_64+0x73/0x130
[101514.351296]  entry_SYSCALL_64_after_hwframe+0x3d/0xa2
[101514.352931] RIP: 0033:0x7f33eb729775
[101514.355648] RSP: 002b:00007f33d78f0cc8 EFLAGS: 00000246 ORIG_RAX: 0000000000000004
[101514.390667] RAX: ffffffffffffffda RBX: 0000000000000001 RCX: 00007f33eb729775
[101514.392911] RDX: 00007f33d78f0d80 RSI: 00007f33d78f0d80 RDI: 00007f33b06c5d10
[101514.400656] RBP: 000055a0e6ecfac8 R08: 0000000000000000 R09: 000055a0e4d34230
[101514.404876] R10: 0000000000000000 R11: 0000000000000246 R12: 000055a0e6ecf840
[101514.418464] R13: 00007f33d78f3680 R14: 00007f33eba9b3e0 R15: 00007f33d78f0d50
[101514.471079] Code: 6d fc 72 49 83 78 10 00 4d 8b 20 0f 84 19 01 00 00 4d 85 e4 0f 84 10 01 00 00 4d 63 41 20 49 8b 39 48 8d 4a 01 4c 89 e0 4d 01 e0 <4d> 8b 18 4d 33 99 40 01 00 00 4c 89 c3 4c 31 db 65 48 0f c7 0f 
[101514.568137] RIP: __kmalloc+0xa1/0x220 RSP: ffffb4cec5623580
[101514.603025] ---[ end trace d4a4bffc52610752 ]---
[101542.134551] general protection fault: 0000 [#6] SMP PTI
[101542.159296] Modules linked in: vboxsf isofs input_leds vboxguest video serio_raw sch_fq_codel ib_iser rdma_cm iw_cm ib_cm ib_core iscsi_tcp libiscsi_tcp libiscsi scsi_transport_iscsi ip_tables x_tables autofs4 btrfs zstd_compress raid10 raid456 async_raid6_recov async_memcpy async_pq async_xor async_tx xor raid6_pq libcrc32c raid1 raid0 multipath linear crct10dif_pclmul crc32_pclmul ghash_clmulni_intel pcbc aesni_intel aes_x86_64 crypto_simd mptspi glue_helper cryptd scsi_transport_spi mptscsih mptbase psmouse e1000
[101542.237159] CPU: 1 PID: 8650 Comm: puma 001 Tainted: G      D          4.15.0-47-generic #50-Ubuntu
[101542.274183] Hardware name: innotek GmbH VirtualBox/VirtualBox, BIOS VirtualBox 12/01/2006
[101542.291315] RIP: 0010:__kmalloc+0xa1/0x220
[101542.330046] RSP: 0018:ffffb4cec5613580 EFLAGS: 00010206
[101542.337409] RAX: 7df6a087efd7f6d1 RBX: 0000000000000000 RCX: 0000000000ae70a8
[101542.339811] RDX: 0000000000ae70a7 RSI: 0000000000000000 RDI: 00000000000270e0
[101542.376963] RBP: ffffb4cec56135b0 R08: 7df6a087efd7f6d1 R09: ffff88173e003500
[101542.410958] R10: 0000000000000058 R11: ffffb4cec56139e0 R12: 7df6a087efd7f6d1
[101542.464672] R13: 00000000014002c0 R14: 0000000000000068 R15: ffff88173e003500
[101542.475027] FS:  00007f33d7af5700(0000) GS:ffff88173fd00000(0000) knlGS:0000000000000000
[101542.488706] CS:  0010 DS: 0000 ES: 0000 CR0: 0000000080050033
[101542.512056] CR2: 00007f33c0d344d8 CR3: 00000000254ce006 CR4: 00000000000606e0
[101542.528808] DR0: 0000000000000000 DR1: 0000000000000000 DR2: 0000000000000000
[101542.531811] DR3: 0000000000000000 DR6: 00000000fffe0ff0 DR7: 0000000000000400
[101542.552838] Call Trace:
[101542.555052]  ? rtR0MemAllocEx+0x189/0x220 [vboxguest]
[101542.577319]  rtR0MemAllocEx+0x189/0x220 [vboxguest]
[101542.610017]  VBoxGuest_RTMemAllocZTag+0x2a/0x60 [vboxguest]
[101542.648562]  rtR0MemObjNew+0x37/0x70 [vboxguest]
[101542.672505]  rtR0MemObjNativeLockKernel+0x85/0x480 [vboxguest]
[101542.674068]  VBoxGuest_RTR0MemObjLockKernelTag+0xa4/0xc0 [vboxguest]
[101542.678047]  VbglR0HGCMInternalCall+0x348/0xeb0 [vboxguest]
[101542.687403]  ? vgdrvHgcmAsyncWaitCallbackWorker+0x210/0x210 [vboxguest]
[101542.689389]  ? __switch_to_asm+0x40/0x70
[101542.690637]  ? __switch_to_asm+0x34/0x70
[101542.691710]  ? __switch_to_asm+0x40/0x70
[101542.692862]  ? __switch_to_asm+0x34/0x70
[101542.717802]  ? __switch_to_asm+0x40/0x70
[101542.726460]  ? __switch_to_asm+0x34/0x70
[101542.727948]  ? __switch_to_asm+0x40/0x70
[101542.729347]  ? __switch_to_asm+0x34/0x70
[101542.730793]  ? __switch_to_asm+0x40/0x70
[101542.738757]  ? __switch_to_asm+0x34/0x70
[101542.740250]  ? __switch_to_asm+0x40/0x70
[101542.750103]  ? __switch_to_asm+0x34/0x70
[101542.776145]  ? __switch_to_asm+0x40/0x70
[101542.777639]  ? __switch_to_asm+0x34/0x70
[101542.778884]  ? __switch_to_asm+0x40/0x70
[101542.790261]  ? __switch_to_asm+0x34/0x70
[101542.791583]  ? __switch_to_asm+0x40/0x70
[101542.801757]  ? __switch_to_asm+0x34/0x70
[101542.802745]  ? __switch_to_asm+0x40/0x70
[101542.803728]  ? __switch_to_asm+0x34/0x70
[101542.804740]  ? __switch_to_asm+0x40/0x70
[101542.805720]  ? __switch_to_asm+0x34/0x70
[101542.806700]  ? __switch_to_asm+0x40/0x70
[101542.807683]  ? __switch_to_asm+0x34/0x70
[101542.808672]  ? __switch_to+0x13a/0x500
[101542.825180]  ? __switch_to_asm+0x40/0x70
[101542.826438]  vgdrvIoCtl_HGCMCallWrapper+0x1d3/0x2e0 [vboxguest]
[101542.829104]  VGDrvCommonIoCtl+0x3cd/0x1810 [vboxguest]
[101542.850928]  ? hrtimer_try_to_cancel+0x2a/0x110
[101542.866000]  VBoxGuestIDC+0x149/0x160 [vboxguest]
[101542.867802]  VbglR0IdcCallRaw+0x13/0x20 [vboxsf]
[101542.869249]  VbglR0HGCMCallRaw+0x44/0xa0 [vboxsf]
[101542.870820]  VbglR0HGCMCall+0x12/0x20 [vboxsf]
[101542.872232]  VbglR0SfCreate+0xaf/0xd0 [vboxsf]
[101542.873623]  sf_stat+0x66/0x110 [vboxsf]
[101542.874871]  sf_inode_revalidate+0x8c/0xe0 [vboxsf]
[101542.882303]  ? compat_poll_select_copy_remaining+0x130/0x130
[101542.894639]  ? __update_load_avg_se.isra.38+0x1c0/0x1d0
[101542.912947]  ? __update_load_avg_se.isra.38+0x1c0/0x1d0
[101542.944693]  sf_dentry_revalidate+0x13/0x30 [vboxsf]
[101542.946233]  d_revalidate.part.18+0x10/0x20
[101542.954995]  lookup_fast+0x307/0x320
[101542.955911]  walk_component+0x49/0x470
[101542.956864]  link_path_walk+0x1bc/0x5a0
[101542.957836]  ? path_init+0x177/0x2f0
[101542.958808]  path_lookupat+0x56/0x1f0
[101542.959979]  filename_lookup+0xb6/0x190
[101542.970676]  ? __check_object_size+0xaf/0x1b0
[101542.986273]  ? strncpy_from_user+0x4d/0x170
[101542.987588]  user_path_at_empty+0x36/0x40
[101542.988851]  ? user_path_at_empty+0x36/0x40
[101542.990162]  vfs_statx+0x76/0xe0
[101542.991219]  SYSC_newstat+0x3d/0x70
[101542.998388]  ? __do_page_fault+0x270/0x4d0
[101543.009235]  SyS_newstat+0xe/0x10
[101543.010276]  do_syscall_64+0x73/0x130
[101543.041414]  entry_SYSCALL_64_after_hwframe+0x3d/0xa2
[101543.070633] RIP: 0033:0x7f33eb729775
[101543.090845] RSP: 002b:00007f33d7af2cc8 EFLAGS: 00000246 ORIG_RAX: 0000000000000004
[101543.102011] RAX: ffffffffffffffda RBX: 0000000000000001 RCX: 00007f33eb729775
[101543.105945] RDX: 00007f33d7af2d80 RSI: 00007f33d7af2d80 RDI: 00007f33b99631f0
[101543.133276] RBP: 000055a0e9aa6dd8 R08: 0000000000000000 R09: 000055a0e4d34230
[101543.137019] R10: 0000000000000000 R11: 0000000000000246 R12: 000055a0e9aa6b50
[101543.162673] R13: 00007f33d7af5680 R14: 00007f33eba9b3e0 R15: 00007f33d7af2d50
[101543.182854] Code: 6d fc 72 49 83 78 10 00 4d 8b 20 0f 84 19 01 00 00 4d 85 e4 0f 84 10 01 00 00 4d 63 41 20 49 8b 39 48 8d 4a 01 4c 89 e0 4d 01 e0 <4d> 8b 18 4d 33 99 40 01 00 00 4c 89 c3 4c 31 db 65 48 0f c7 0f 
[101543.235652] RIP: __kmalloc+0xa1/0x220 RSP: ffffb4cec5613580
[101543.257445] ---[ end trace d4a4bffc52610753 ]---
[101596.052946] general protection fault: 0000 [#7] SMP PTI
[101596.097226] Modules linked in: vboxsf isofs input_leds vboxguest video serio_raw sch_fq_codel ib_iser rdma_cm iw_cm ib_cm ib_core iscsi_tcp libiscsi_tcp libiscsi scsi_transport_iscsi ip_tables x_tables autofs4 btrfs zstd_compress raid10 raid456 async_raid6_recov async_memcpy async_pq async_xor async_tx xor raid6_pq libcrc32c raid1 raid0 multipath linear crct10dif_pclmul crc32_pclmul ghash_clmulni_intel pcbc aesni_intel aes_x86_64 crypto_simd mptspi glue_helper cryptd scsi_transport_spi mptscsih mptbase psmouse e1000
[101596.159040] CPU: 1 PID: 1658 Comm: sshd Tainted: G      D          4.15.0-47-generic #50-Ubuntu
[101596.182277] Hardware name: innotek GmbH VirtualBox/VirtualBox, BIOS VirtualBox 12/01/2006
[101596.194519] RIP: 0010:kmem_cache_alloc_node+0xc4/0x1c0
[101596.199639] RSP: 0018:ffffb4cec0d83878 EFLAGS: 00010206
[101596.201814] RAX: 7df6a087efd7f6d1 RBX: 7df6a087efd7f6d1 RCX: 0000000000ae70a8
[101596.242374] RDX: 0000000000ae70a7 RSI: 0000000000011200 RDI: 00000000000270e0
[101596.245404] RBP: ffffb4cec0d838b0 R08: ffff88173fd270e0 R09: ffff88173e002f00
[101596.257531] R10: 0000000000000040 R11: 0000000000002c00 R12: 0000000000011200
[101596.260656] R13: 7df6a087efd7f6d1 R14: ffff88173e003500 R15: ffff88173e003500
[101596.368549] FS:  00007fc0dc6bd900(0000) GS:ffff88173fd00000(0000) knlGS:0000000000000000
[101596.425117] CS:  0010 DS: 0000 ES: 0000 CR0: 0000000080050033
[101596.427524] CR2: 00007fc0dc6d5000 CR3: 000000003c96c004 CR4: 00000000000606e0
[101596.460192] DR0: 0000000000000000 DR1: 0000000000000000 DR2: 0000000000000000
[101596.474887] DR3: 0000000000000000 DR6: 00000000fffe0ff0 DR7: 0000000000000400
[101596.482023] Call Trace:
[101596.491665]  ? scsi_old_init_rq+0x84/0x100
[101596.512952]  ? __switch_to_asm+0x40/0x70
[101596.525151]  ? wait_woken+0x80/0x80
[101596.547008]  scsi_old_init_rq+0x84/0x100
[101596.556545]  alloc_request_size+0x52/0x70
[101596.559458]  mempool_alloc+0x71/0x190
[101596.576292]  get_request+0x3fa/0x800
[101596.591902]  ? wait_woken+0x80/0x80
[101596.595607]  blk_queue_bio+0x128/0x450
[101596.597003]  generic_make_request+0x124/0x300
[101596.607347]  submit_bio+0x73/0x140
[101596.610020]  ? submit_bio+0x73/0x140
[101596.639796]  ? guard_bio_eod+0x2c/0xf0
[101596.664877]  submit_bh_wbc+0x180/0x1b0
[101596.689915]  ? __end_buffer_read_notouch+0x30/0x30
[101596.692676]  ll_rw_block+0xad/0xc0
[101596.694164]  ext4_block_write_begin+0x3a0/0x460
[101596.730421]  ? ext4_inode_attach_jinode.part.67+0xb0/0xb0
[101596.732307]  ? __ext4_journal_start_sb+0x6d/0x120
[101596.762032]  ext4_da_write_begin+0x166/0x420
[101596.817200]  generic_perform_write+0xb3/0x1b0
[101596.828916]  __generic_file_write_iter+0x1aa/0x1d0
[101596.866826]  ? posix_lock_inode+0x12e/0x800
[101596.888798]  ext4_file_write_iter+0x203/0x3f0
[101596.931657]  new_sync_write+0xe7/0x140
[101596.960273]  __vfs_write+0x29/0x40
[101596.981391]  vfs_write+0xb1/0x1a0
[101597.021303]  SyS_write+0x55/0xc0
[101597.061874]  do_syscall_64+0x73/0x130
[101597.103362]  entry_SYSCALL_64_after_hwframe+0x3d/0xa2
[101597.162468] RIP: 0033:0x7fc0da5211e7
[101597.204818] RSP: 002b:00007fff7795b428 EFLAGS: 00000246 ORIG_RAX: 0000000000000001
[101597.303596] RAX: ffffffffffffffda RBX: 0000000000000008 RCX: 00007fc0da5211e7
[101597.331643] RDX: 0000000000000180 RSI: 00007fff7795b5f0 RDI: 0000000000000008
[101597.391376] RBP: 00007fff7795b440 R08: 00007fff7795b500 R09: 00006a7399bd6c07
[101597.422507] R10: 0000000000000008 R11: 0000000000000246 R12: 0000000000000000
[101597.424828] R13: 00007fff7795b5f0 R14: 00007fff7795b500 R15: 0000000000000000
[101597.433448] Code: 49 89 c5 74 54 48 85 c0 74 4f 49 63 57 1c 31 f6 4c 89 ef e8 6f 7c 74 00 eb 3f 49 63 5f 20 49 8b 3f 48 8d 4a 01 4c 89 e8 4c 01 eb <48> 33 1b 49 33 9f 40 01 00 00 65 48 0f c7 0f 0f 94 c0 84 c0 0f 
[101597.553106] RIP: kmem_cache_alloc_node+0xc4/0x1c0 RSP: ffffb4cec0d83878
[101597.612153] ---[ end trace d4a4bffc52610754 ]---
[101784.891277] systemd[1]: systemd-journald.service: State 'stop-sigabrt' timed out. Terminating.
